<?xml version="1.0" encoding="UTF-8"?>
<testng-results ignored="0" total="1" passed="1" failed="0" skipped="0">
  <reporter-output>
  </reporter-output>
  <suite started-at="2020-06-21T16:08:15 EET" name="Suite" finished-at="2020-06-21T16:08:45 EET" duration-ms="30772">
    <groups>
    </groups>
    <test started-at="2020-06-21T16:08:15 EET" name="TestOnVariousBrowsers" finished-at="2020-06-21T16:08:45 EET" duration-ms="30772">
      <class name="comGoogleTests.SearchResultsTests">
        <test-method is-config="true" signature="BeforeClass(java.lang.String, java.lang.String, java.lang.String, java.lang.String)[pri:0, instance:comGoogleTests.SearchResultsTests@5fbdfdcf]" started-at="2020-06-21T16:08:15 EET" name="BeforeClass" finished-at="2020-06-21T16:08:25 EET" duration-ms="10081" status="PASS">
          <params>
            <param index="0">
              <value>
                <![CDATA[IE]]>
              </value>
            </param>
            <param index="1">
              <value>
                <![CDATA[]]>
              </value>
            </param>
            <param index="2">
              <value>
                <![CDATA[]]>
              </value>
            </param>
            <param index="3">
              <value>
                <![CDATA[]]>
              </value>
            </param>
          </params>
          <reporter-output>
          </reporter-output>
        </test-method> <!-- BeforeClass -->
        <test-method signature="compareBetweenSearchResultOfPage2AndPage3(java.lang.String, java.lang.String)[pri:0, instance:comGoogleTests.SearchResultsTests@5fbdfdcf]" started-at="2020-06-21T16:08:25 EET" name="compareBetweenSearchResultOfPage2AndPage3" data-provider="data_provider" finished-at="2020-06-21T16:08:44 EET" duration-ms="19745" status="PASS">
          <params>
            <param index="0">
              <value>
                <![CDATA[https://www.google.com/ncr]]>
              </value>
            </param>
            <param index="1">
              <value>
                <![CDATA[Vodafone]]>
              </value>
            </param>
          </params>
          <reporter-output>
          </reporter-output>
        </test-method> <!-- compareBetweenSearchResultOfPage2AndPage3 -->
        <test-method is-config="true" signature="screenshotOnFailure(org.testng.ITestResult)[pri:0, instance:comGoogleTests.SearchResultsTests@5fbdfdcf]" started-at="2020-06-21T16:08:45 EET" name="screenshotOnFailure" finished-at="2020-06-21T16:08:45 EET" duration-ms="2" status="PASS">
          <params>
            <param index="0">
              <value>
                <![CDATA[[TestResult name=compareBetweenSearchResultOfPage2AndPage3 status=SUCCESS method=SearchResultsTests.compareBetweenSearchResultOfPage2AndPage3(java.lang.String, java.lang.String)[pri:0, instance:comGoogleTests.SearchResultsTests@5fbdfdcf] output={null}]]]>
              </value>
            </param>
          </params>
          <reporter-output>
          </reporter-output>
        </test-method> <!-- screenshotOnFailure -->
        <test-method is-config="true" signature="AfterClass()[pri:0, instance:comGoogleTests.SearchResultsTests@5fbdfdcf]" started-at="2020-06-21T16:08:45 EET" name="AfterClass" finished-at="2020-06-21T16:08:45 EET" duration-ms="753" status="PASS">
          <reporter-output>
          </reporter-output>
        </test-method> <!-- AfterClass -->
      </class> <!-- comGoogleTests.SearchResultsTests -->
    </test> <!-- TestOnVariousBrowsers -->
  </suite> <!-- Suite -->
</testng-results>
